Flow report for Brent_Kung_Adder
Fri Oct 21 12:57:07 2022
Quartus Prime Version 20.1.0 Build 711 06/05/2020 SJ Lite Edition


---------------------
; Table of Contents ;
---------------------
  1. Legal Notice
  2. Flow Summary
  3. Flow Settings
  4. Flow Non-Default Global Settings
  5. Flow Elapsed Time
  6. Flow OS Summary
  7. Flow Log
  8. Flow Messages
  9. Flow Suppressed Messages



----------------
; Legal Notice ;
----------------
Copyright (C) 2020  Intel Corporation. All rights reserved.
Your use of Intel Corporation's design tools, logic functions 
and other software and tools, and any partner logic 
functions, and any output files from any of the foregoing 
(including device programming or simulation files), and any 
associated documentation or information are expressly subject 
to the terms and conditions of the Intel Program License 
Subscription Agreement, the Intel Quartus Prime License Agreement,
the Intel FPGA IP License Agreement, or other applicable license
agreement, including, without limitation, that your use is for
the sole purpose of programming logic devices manufactured by
Intel and sold by Intel or its authorized distributors.  Please
refer to the applicable agreement for further details, at
https://fpgasoftware.intel.com/eula.



+---------------------------------------------------------------------+
; Flow Summary                                                        ;
+-----------------------+---------------------------------------------+
; Flow Status           ; Successful - Fri Oct 21 12:57:07 2022       ;
; Quartus Prime Version ; 20.1.0 Build 711 06/05/2020 SJ Lite Edition ;
; Revision Name         ; Brent_Kung_Adder                            ;
; Top-level Entity Name ; DUT                                         ;
; Family                ; MAX V                                       ;
; Total logic elements  ; 53 / 80 ( 66 % )                            ;
; Total pins            ; 50 / 79 ( 63 % )                            ;
; Total virtual pins    ; 0                                           ;
; UFM blocks            ; 0 / 1 ( 0 % )                               ;
; Device                ; 5M80ZT100C4                                 ;
; Timing Models         ; Final                                       ;
+-----------------------+---------------------------------------------+


+-----------------------------------------+
; Flow Settings                           ;
+-------------------+---------------------+
; Option            ; Setting             ;
+-------------------+---------------------+
; Start date & time ; 10/21/2022 12:56:50 ;
; Main task         ; Compilation         ;
; Revision Name     ; Brent_Kung_Adder    ;
+-------------------+---------------------+


+------------------------------------------------------------------------------------------------------------------------+
; Flow Non-Default Global Settings                                                                                       ;
+--------------------------------------+-------------------------------+------------------+-------------+----------------+
; Assignment Name                      ; Value                         ; Default Value    ; Entity Name ; Section Id     ;
+--------------------------------------+-------------------------------+------------------+-------------+----------------+
; COMPILER_SIGNATURE_ID                ; 1097365652533.166633721007564 ; --               ; --          ; --             ;
; EDA_DESIGN_INSTANCE_NAME             ; dut_instance                  ; --               ; --          ; testbench.vhdl ;
; EDA_NATIVELINK_SIMULATION_TEST_BENCH ; testbench.vhdl                ; --               ; --          ; eda_simulation ;
; EDA_OUTPUT_DATA_FORMAT               ; Verilog Hdl                   ; --               ; --          ; eda_simulation ;
; EDA_SIMULATION_TOOL                  ; ModelSim-Altera (Verilog)     ; <None>           ; --          ; --             ;
; EDA_TEST_BENCH_ENABLE_STATUS         ; TEST_BENCH_MODE               ; --               ; --          ; eda_simulation ;
; EDA_TEST_BENCH_FILE                  ; testbench.vhdl                ; --               ; --          ; testbench.vhdl ;
; EDA_TEST_BENCH_MODULE_NAME           ; testbench                     ; --               ; --          ; testbench.vhdl ;
; EDA_TEST_BENCH_NAME                  ; testbench.vhdl                ; --               ; --          ; eda_simulation ;
; EDA_TIME_SCALE                       ; 1 ps                          ; --               ; --          ; eda_simulation ;
; PROJECT_OUTPUT_DIRECTORY             ; output_files                  ; --               ; --          ; --             ;
; TOP_LEVEL_ENTITY                     ; DUT                           ; Brent_Kung_Adder ; --          ; --             ;
+--------------------------------------+-------------------------------+------------------+-------------+----------------+


+--------------------------------------------------------------------------------------------------------------------------+
; Flow Elapsed Time                                                                                                        ;
+----------------------+--------------+-------------------------+---------------------+------------------------------------+
; Module Name          ; Elapsed Time ; Average Processors Used ; Peak Virtual Memory ; Total CPU Time (on all processors) ;
+----------------------+--------------+-------------------------+---------------------+------------------------------------+
; Analysis & Synthesis ; 00:00:11     ; 1.0                     ; 4761 MB             ; 00:00:17                           ;
; Fitter               ; 00:00:01     ; 1.0                     ; 5328 MB             ; 00:00:01                           ;
; Assembler            ; 00:00:01     ; 1.0                     ; 4665 MB             ; 00:00:00                           ;
; Timing Analyzer      ; 00:00:00     ; 1.0                     ; 4677 MB             ; 00:00:01                           ;
; EDA Netlist Writer   ; 00:00:01     ; 1.0                     ; 4620 MB             ; 00:00:00                           ;
; Total                ; 00:00:14     ; --                      ; --                  ; 00:00:19                           ;
+----------------------+--------------+-------------------------+---------------------+------------------------------------+


+------------------------------------------------------------------------------------+
; Flow OS Summary                                                                    ;
+----------------------+------------------+------------+------------+----------------+
; Module Name          ; Machine Hostname ; OS Name    ; OS Version ; Processor type ;
+----------------------+------------------+------------+------------+----------------+
; Analysis & Synthesis ; Mayur16          ; Windows 10 ; 10.0       ; x86_64         ;
; Fitter               ; Mayur16          ; Windows 10 ; 10.0       ; x86_64         ;
; Assembler            ; Mayur16          ; Windows 10 ; 10.0       ; x86_64         ;
; Timing Analyzer      ; Mayur16          ; Windows 10 ; 10.0       ; x86_64         ;
; EDA Netlist Writer   ; Mayur16          ; Windows 10 ; 10.0       ; x86_64         ;
+----------------------+------------------+------------+------------+----------------+


------------
; Flow Log ;
------------
quartus_map --read_settings_files=on --write_settings_files=off Brent_Kung_Adder -c Brent_Kung_Adder
quartus_fit --read_settings_files=off --write_settings_files=off Brent_Kung_Adder -c Brent_Kung_Adder
quartus_asm --read_settings_files=off --write_settings_files=off Brent_Kung_Adder -c Brent_Kung_Adder
quartus_sta Brent_Kung_Adder -c Brent_Kung_Adder
quartus_eda --read_settings_files=off --write_settings_files=off Brent_Kung_Adder -c Brent_Kung_Adder



