Analysis & Synthesis report for Brent_Kung_Adder
Fri Oct 21 12:57:00 2022
Quartus Prime Version 20.1.0 Build 711 06/05/2020 SJ Lite Edition


---------------------
; Table of Contents ;
---------------------
  1. Legal Notice
  2. Analysis & Synthesis Summary
  3. Analysis & Synthesis Settings
  4. Parallel Compilation
  5. Analysis & Synthesis Source Files Read
  6. Analysis & Synthesis Resource Usage Summary
  7. Analysis & Synthesis Resource Utilization by Entity
  8. General Register Statistics
  9. Analysis & Synthesis Messages



----------------
; Legal Notice ;
----------------
Copyright (C) 2020  Intel Corporation. All rights reserved.
Your use of Intel Corporation's design tools, logic functions 
and other software and tools, and any partner logic 
functions, and any output files from any of the foregoing 
(including device programming or simulation files), and any 
associated documentation or information are expressly subject 
to the terms and conditions of the Intel Program License 
Subscription Agreement, the Intel Quartus Prime License Agreement,
the Intel FPGA IP License Agreement, or other applicable license
agreement, including, without limitation, that your use is for
the sole purpose of programming logic devices manufactured by
Intel and sold by Intel or its authorized distributors.  Please
refer to the applicable agreement for further details, at
https://fpgasoftware.intel.com/eula.



+---------------------------------------------------------------------------+
; Analysis & Synthesis Summary                                              ;
+-----------------------------+---------------------------------------------+
; Analysis & Synthesis Status ; Successful - Fri Oct 21 12:57:00 2022       ;
; Quartus Prime Version       ; 20.1.0 Build 711 06/05/2020 SJ Lite Edition ;
; Revision Name               ; Brent_Kung_Adder                            ;
; Top-level Entity Name       ; DUT                                         ;
; Family                      ; MAX V                                       ;
; Total logic elements        ; 53                                          ;
; Total pins                  ; 50                                          ;
; Total virtual pins          ; 0                                           ;
; UFM blocks                  ; 0 / 1 ( 0 % )                               ;
+-----------------------------+---------------------------------------------+


+------------------------------------------------------------------------------------------------------------+
; Analysis & Synthesis Settings                                                                              ;
+------------------------------------------------------------------+--------------------+--------------------+
; Option                                                           ; Setting            ; Default Value      ;
+------------------------------------------------------------------+--------------------+--------------------+
; Top-level entity name                                            ; DUT                ; Brent_Kung_Adder   ;
; Family name                                                      ; MAX V              ; Cyclone V          ;
; Use smart compilation                                            ; Off                ; Off                ;
; Enable parallel Assembler and Timing Analyzer during compilation ; On                 ; On                 ;
; Enable compact report table                                      ; Off                ; Off                ;
; Restructure Multiplexers                                         ; Auto               ; Auto               ;
; Create Debugging Nodes for IP Cores                              ; Off                ; Off                ;
; Preserve fewer node names                                        ; On                 ; On                 ;
; Intel FPGA IP Evaluation Mode                                    ; Enable             ; Enable             ;
; Verilog Version                                                  ; Verilog_2001       ; Verilog_2001       ;
; VHDL Version                                                     ; VHDL_1993          ; VHDL_1993          ;
; State Machine Processing                                         ; Auto               ; Auto               ;
; Safe State Machine                                               ; Off                ; Off                ;
; Extract Verilog State Machines                                   ; On                 ; On                 ;
; Extract VHDL State Machines                                      ; On                 ; On                 ;
; Ignore Verilog initial constructs                                ; Off                ; Off                ;
; Iteration limit for constant Verilog loops                       ; 5000               ; 5000               ;
; Iteration limit for non-constant Verilog loops                   ; 250                ; 250                ;
; Add Pass-Through Logic to Inferred RAMs                          ; On                 ; On                 ;
; Infer RAMs from Raw Logic                                        ; On                 ; On                 ;
; Parallel Synthesis                                               ; On                 ; On                 ;
; NOT Gate Push-Back                                               ; On                 ; On                 ;
; Power-Up Don't Care                                              ; On                 ; On                 ;
; Remove Redundant Logic Cells                                     ; Off                ; Off                ;
; Remove Duplicate Registers                                       ; On                 ; On                 ;
; Ignore CARRY Buffers                                             ; Off                ; Off                ;
; Ignore CASCADE Buffers                                           ; Off                ; Off                ;
; Ignore GLOBAL Buffers                                            ; Off                ; Off                ;
; Ignore ROW GLOBAL Buffers                                        ; Off                ; Off                ;
; Ignore LCELL Buffers                                             ; Off                ; Off                ;
; Ignore SOFT Buffers                                              ; On                 ; On                 ;
; Limit AHDL Integers to 32 Bits                                   ; Off                ; Off                ;
; Optimization Technique                                           ; Balanced           ; Balanced           ;
; Carry Chain Length                                               ; 70                 ; 70                 ;
; Auto Carry Chains                                                ; On                 ; On                 ;
; Auto Open-Drain Pins                                             ; On                 ; On                 ;
; Perform WYSIWYG Primitive Resynthesis                            ; Off                ; Off                ;
; Auto Shift Register Replacement                                  ; Auto               ; Auto               ;
; Allow Shift Register Merging across Hierarchies                  ; Auto               ; Auto               ;
; Auto Clock Enable Replacement                                    ; On                 ; On                 ;
; Allow Synchronous Control Signals                                ; On                 ; On                 ;
; Force Use of Synchronous Clear Signals                           ; Off                ; Off                ;
; Auto Resource Sharing                                            ; Off                ; Off                ;
; Use LogicLock Constraints during Resource Balancing              ; On                 ; On                 ;
; Ignore translate_off and synthesis_off directives                ; Off                ; Off                ;
; Report Parameter Settings                                        ; On                 ; On                 ;
; Report Source Assignments                                        ; On                 ; On                 ;
; Report Connectivity Checks                                       ; On                 ; On                 ;
; Ignore Maximum Fan-Out Assignments                               ; Off                ; Off                ;
; Synchronization Register Chain Length                            ; 2                  ; 2                  ;
; Power Optimization During Synthesis                              ; Normal compilation ; Normal compilation ;
; HDL message level                                                ; Level2             ; Level2             ;
; Suppress Register Optimization Related Messages                  ; Off                ; Off                ;
; Number of Removed Registers Reported in Synthesis Report         ; 5000               ; 5000               ;
; Number of Swept Nodes Reported in Synthesis Report               ; 5000               ; 5000               ;
; Number of Inverted Registers Reported in Synthesis Report        ; 100                ; 100                ;
; Clock MUX Protection                                             ; On                 ; On                 ;
; Block Design Naming                                              ; Auto               ; Auto               ;
; Synthesis Effort                                                 ; Auto               ; Auto               ;
; Shift Register Replacement - Allow Asynchronous Clear Signal     ; On                 ; On                 ;
; Analysis & Synthesis Message Level                               ; Medium             ; Medium             ;
; Disable Register Merging Across Hierarchies                      ; Auto               ; Auto               ;
+------------------------------------------------------------------+--------------------+--------------------+


+------------------------------------------+
; Parallel Compilation                     ;
+----------------------------+-------------+
; Processors                 ; Number      ;
+----------------------------+-------------+
; Number detected on machine ; 8           ;
; Maximum allowed            ; 4           ;
;                            ;             ;
; Average used               ; 1.00        ;
; Maximum used               ; 1           ;
;                            ;             ;
; Usage by Processor         ; % Time Used ;
;     Processor 1            ; 100.0%      ;
+----------------------------+-------------+


+---------------------------------------------------------------------------------------------------------------------------------------------------------+
; Analysis & Synthesis Source Files Read                                                                                                                  ;
+----------------------------------+-----------------+-----------------+------------------------------------------------------------------------+---------+
; File Name with User-Entered Path ; Used in Netlist ; File Type       ; File Name with Absolute Path                                           ; Library ;
+----------------------------------+-----------------+-----------------+------------------------------------------------------------------------+---------+
; Brent_Kung_Adder.vhdl            ; yes             ; User VHDL File  ; E:/7. AUTUMN 2022/EE671/Assignments/Assignment 4/Brent_Kung_Adder.vhdl ;         ;
; Gates.vhdl                       ; yes             ; User VHDL File  ; E:/7. AUTUMN 2022/EE671/Assignments/Assignment 4/Gates.vhdl            ;         ;
; DUT.vhdl                         ; yes             ; User VHDL File  ; E:/7. AUTUMN 2022/EE671/Assignments/Assignment 4/DUT.vhdl              ;         ;
+----------------------------------+-----------------+-----------------+------------------------------------------------------------------------+---------+


+----------------------------------------------------------------+
; Analysis & Synthesis Resource Usage Summary                    ;
+---------------------------------------------+------------------+
; Resource                                    ; Usage            ;
+---------------------------------------------+------------------+
; Total logic elements                        ; 53               ;
;     -- Combinational with no register       ; 53               ;
;     -- Register only                        ; 0                ;
;     -- Combinational with a register        ; 0                ;
;                                             ;                  ;
; Logic element usage by number of LUT inputs ;                  ;
;     -- 4 input functions                    ; 32               ;
;     -- 3 input functions                    ; 16               ;
;     -- 2 input functions                    ; 5                ;
;     -- 1 input functions                    ; 0                ;
;     -- 0 input functions                    ; 0                ;
;                                             ;                  ;
; Logic elements by mode                      ;                  ;
;     -- normal mode                          ; 53               ;
;     -- arithmetic mode                      ; 0                ;
;     -- qfbk mode                            ; 0                ;
;     -- register cascade mode                ; 0                ;
;     -- synchronous clear/load mode          ; 0                ;
;     -- asynchronous clear/load mode         ; 0                ;
;                                             ;                  ;
; Total registers                             ; 0                ;
; I/O pins                                    ; 50               ;
; Maximum fan-out node                        ; input_vector[29] ;
; Maximum fan-out                             ; 4                ;
; Total fan-out                               ; 203              ;
; Average fan-out                             ; 1.97             ;
+---------------------------------------------+------------------+


+-------------------------------------------------------------------------------------------------------------------------------------------------------------------------------------------------------------------------------------------------------------------------------------------------+
; Analysis & Synthesis Resource Utilization by Entity                                                                                                                                                                                                                                             ;
+--------------------------------------+-------------+--------------+------------+------+--------------+--------------+-------------------+------------------+-----------------+------------+-------------------------------------------------------------------+------------------+--------------+
; Compilation Hierarchy Node           ; Logic Cells ; LC Registers ; UFM Blocks ; Pins ; Virtual Pins ; LUT-Only LCs ; Register-Only LCs ; LUT/Register LCs ; Carry Chain LCs ; Packed LCs ; Full Hierarchy Name                                               ; Entity Name      ; Library Name ;
+--------------------------------------+-------------+--------------+------------+------+--------------+--------------+-------------------+------------------+-----------------+------------+-------------------------------------------------------------------+------------------+--------------+
; |DUT                                 ; 53 (0)      ; 0            ; 0          ; 50   ; 0            ; 53 (0)       ; 0 (0)             ; 0 (0)            ; 0 (0)           ; 0 (0)      ; |DUT                                                              ; DUT              ; work         ;
;    |Brent_Kung_Adder:adder_instance| ; 53 (0)      ; 0            ; 0          ; 0    ; 0            ; 53 (0)       ; 0 (0)             ; 0 (0)            ; 0 (0)           ; 0 (0)      ; |DUT|Brent_Kung_Adder:adder_instance                              ; Brent_Kung_Adder ; work         ;
;       |Cin_map_G:G_0|                ; 1 (1)       ; 0            ; 0          ; 0    ; 0            ; 1 (1)        ; 0 (0)             ; 0 (0)            ; 0 (0)           ; 0 (0)      ; |DUT|Brent_Kung_Adder:adder_instance|Cin_map_G:G_0                ; Cin_map_G        ; work         ;
;       |abcgate:C10|                  ; 2 (2)       ; 0            ; 0          ; 0    ; 0            ; 2 (2)        ; 0 (0)             ; 0 (0)            ; 0 (0)           ; 0 (0)      ; |DUT|Brent_Kung_Adder:adder_instance|abcgate:C10                  ; abcgate          ; work         ;
;       |abcgate:C11|                  ; 1 (1)       ; 0            ; 0          ; 0    ; 0            ; 1 (1)        ; 0 (0)             ; 0 (0)            ; 0 (0)           ; 0 (0)      ; |DUT|Brent_Kung_Adder:adder_instance|abcgate:C11                  ; abcgate          ; work         ;
;       |abcgate:C12|                  ; 1 (1)       ; 0            ; 0          ; 0    ; 0            ; 1 (1)        ; 0 (0)             ; 0 (0)            ; 0 (0)           ; 0 (0)      ; |DUT|Brent_Kung_Adder:adder_instance|abcgate:C12                  ; abcgate          ; work         ;
;       |abcgate:C13|                  ; 1 (1)       ; 0            ; 0          ; 0    ; 0            ; 1 (1)        ; 0 (0)             ; 0 (0)            ; 0 (0)           ; 0 (0)      ; |DUT|Brent_Kung_Adder:adder_instance|abcgate:C13                  ; abcgate          ; work         ;
;       |abcgate:C15|                  ; 1 (1)       ; 0            ; 0          ; 0    ; 0            ; 1 (1)        ; 0 (0)             ; 0 (0)            ; 0 (0)           ; 0 (0)      ; |DUT|Brent_Kung_Adder:adder_instance|abcgate:C15                  ; abcgate          ; work         ;
;       |abcgate:C16|                  ; 3 (3)       ; 0            ; 0          ; 0    ; 0            ; 3 (3)        ; 0 (0)             ; 0 (0)            ; 0 (0)           ; 0 (0)      ; |DUT|Brent_Kung_Adder:adder_instance|abcgate:C16                  ; abcgate          ; work         ;
;       |abcgate:C2|                   ; 1 (1)       ; 0            ; 0          ; 0    ; 0            ; 1 (1)        ; 0 (0)             ; 0 (0)            ; 0 (0)           ; 0 (0)      ; |DUT|Brent_Kung_Adder:adder_instance|abcgate:C2                   ; abcgate          ; work         ;
;       |abcgate:C3|                   ; 1 (1)       ; 0            ; 0          ; 0    ; 0            ; 1 (1)        ; 0 (0)             ; 0 (0)            ; 0 (0)           ; 0 (0)      ; |DUT|Brent_Kung_Adder:adder_instance|abcgate:C3                   ; abcgate          ; work         ;
;       |abcgate:C4|                   ; 1 (1)       ; 0            ; 0          ; 0    ; 0            ; 1 (1)        ; 0 (0)             ; 0 (0)            ; 0 (0)           ; 0 (0)      ; |DUT|Brent_Kung_Adder:adder_instance|abcgate:C4                   ; abcgate          ; work         ;
;       |abcgate:C5|                   ; 1 (1)       ; 0            ; 0          ; 0    ; 0            ; 1 (1)        ; 0 (0)             ; 0 (0)            ; 0 (0)           ; 0 (0)      ; |DUT|Brent_Kung_Adder:adder_instance|abcgate:C5                   ; abcgate          ; work         ;
;       |abcgate:C6|                   ; 2 (2)       ; 0            ; 0          ; 0    ; 0            ; 2 (2)        ; 0 (0)             ; 0 (0)            ; 0 (0)           ; 0 (0)      ; |DUT|Brent_Kung_Adder:adder_instance|abcgate:C6                   ; abcgate          ; work         ;
;       |abcgate:C7|                   ; 1 (1)       ; 0            ; 0          ; 0    ; 0            ; 1 (1)        ; 0 (0)             ; 0 (0)            ; 0 (0)           ; 0 (0)      ; |DUT|Brent_Kung_Adder:adder_instance|abcgate:C7                   ; abcgate          ; work         ;
;       |abcgate:C8|                   ; 1 (1)       ; 0            ; 0          ; 0    ; 0            ; 1 (1)        ; 0 (0)             ; 0 (0)            ; 0 (0)           ; 0 (0)      ; |DUT|Brent_Kung_Adder:adder_instance|abcgate:C8                   ; abcgate          ; work         ;
;       |abcgate:C9|                   ; 1 (1)       ; 0            ; 0          ; 0    ; 0            ; 1 (1)        ; 0 (0)             ; 0 (0)            ; 0 (0)           ; 0 (0)      ; |DUT|Brent_Kung_Adder:adder_instance|abcgate:C9                   ; abcgate          ; work         ;
;       |abcgate:\GStage1:0:LoopG1|    ; 1 (1)       ; 0            ; 0          ; 0    ; 0            ; 1 (1)        ; 0 (0)             ; 0 (0)            ; 0 (0)           ; 0 (0)      ; |DUT|Brent_Kung_Adder:adder_instance|abcgate:\GStage1:0:LoopG1    ; abcgate          ; work         ;
;       |abcgate:\GStage1:1:LoopG1|    ; 1 (1)       ; 0            ; 0          ; 0    ; 0            ; 1 (1)        ; 0 (0)             ; 0 (0)            ; 0 (0)           ; 0 (0)      ; |DUT|Brent_Kung_Adder:adder_instance|abcgate:\GStage1:1:LoopG1    ; abcgate          ; work         ;
;       |abcgate:\GStage1:2:LoopG1|    ; 1 (1)       ; 0            ; 0          ; 0    ; 0            ; 1 (1)        ; 0 (0)             ; 0 (0)            ; 0 (0)           ; 0 (0)      ; |DUT|Brent_Kung_Adder:adder_instance|abcgate:\GStage1:2:LoopG1    ; abcgate          ; work         ;
;       |abcgate:\GStage1:3:LoopG1|    ; 1 (1)       ; 0            ; 0          ; 0    ; 0            ; 1 (1)        ; 0 (0)             ; 0 (0)            ; 0 (0)           ; 0 (0)      ; |DUT|Brent_Kung_Adder:adder_instance|abcgate:\GStage1:3:LoopG1    ; abcgate          ; work         ;
;       |abcgate:\GStage1:4:LoopG1|    ; 1 (1)       ; 0            ; 0          ; 0    ; 0            ; 1 (1)        ; 0 (0)             ; 0 (0)            ; 0 (0)           ; 0 (0)      ; |DUT|Brent_Kung_Adder:adder_instance|abcgate:\GStage1:4:LoopG1    ; abcgate          ; work         ;
;       |abcgate:\GStage1:5:LoopG1|    ; 1 (1)       ; 0            ; 0          ; 0    ; 0            ; 1 (1)        ; 0 (0)             ; 0 (0)            ; 0 (0)           ; 0 (0)      ; |DUT|Brent_Kung_Adder:adder_instance|abcgate:\GStage1:5:LoopG1    ; abcgate          ; work         ;
;       |abcgate:\GStage1:6:LoopG1|    ; 1 (1)       ; 0            ; 0          ; 0    ; 0            ; 1 (1)        ; 0 (0)             ; 0 (0)            ; 0 (0)           ; 0 (0)      ; |DUT|Brent_Kung_Adder:adder_instance|abcgate:\GStage1:6:LoopG1    ; abcgate          ; work         ;
;       |abcgate:\GStage2:0:LoopG2|    ; 1 (1)       ; 0            ; 0          ; 0    ; 0            ; 1 (1)        ; 0 (0)             ; 0 (0)            ; 0 (0)           ; 0 (0)      ; |DUT|Brent_Kung_Adder:adder_instance|abcgate:\GStage2:0:LoopG2    ; abcgate          ; work         ;
;       |abcgate:\GStage2:1:LoopG2|    ; 1 (1)       ; 0            ; 0          ; 0    ; 0            ; 1 (1)        ; 0 (0)             ; 0 (0)            ; 0 (0)           ; 0 (0)      ; |DUT|Brent_Kung_Adder:adder_instance|abcgate:\GStage2:1:LoopG2    ; abcgate          ; work         ;
;       |abcgate:\GStage2:2:LoopG2|    ; 2 (2)       ; 0            ; 0          ; 0    ; 0            ; 2 (2)        ; 0 (0)             ; 0 (0)            ; 0 (0)           ; 0 (0)      ; |DUT|Brent_Kung_Adder:adder_instance|abcgate:\GStage2:2:LoopG2    ; abcgate          ; work         ;
;       |abcgate:\GStage3:0:LoopG3|    ; 2 (2)       ; 0            ; 0          ; 0    ; 0            ; 2 (2)        ; 0 (0)             ; 0 (0)            ; 0 (0)           ; 0 (0)      ; |DUT|Brent_Kung_Adder:adder_instance|abcgate:\GStage3:0:LoopG3    ; abcgate          ; work         ;
;       |xorgate:\PStage0:12:LoopP0|   ; 1 (1)       ; 0            ; 0          ; 0    ; 0            ; 1 (1)        ; 0 (0)             ; 0 (0)            ; 0 (0)           ; 0 (0)      ; |DUT|Brent_Kung_Adder:adder_instance|xorgate:\PStage0:12:LoopP0   ; xorgate          ; work         ;
;       |xorgate:\PStage0:13:LoopP0|   ; 1 (1)       ; 0            ; 0          ; 0    ; 0            ; 1 (1)        ; 0 (0)             ; 0 (0)            ; 0 (0)           ; 0 (0)      ; |DUT|Brent_Kung_Adder:adder_instance|xorgate:\PStage0:13:LoopP0   ; xorgate          ; work         ;
;       |xorgate:\PStage0:1:LoopP0|    ; 1 (1)       ; 0            ; 0          ; 0    ; 0            ; 1 (1)        ; 0 (0)             ; 0 (0)            ; 0 (0)           ; 0 (0)      ; |DUT|Brent_Kung_Adder:adder_instance|xorgate:\PStage0:1:LoopP0    ; xorgate          ; work         ;
;       |xorgate:\PStage0:2:LoopP0|    ; 1 (1)       ; 0            ; 0          ; 0    ; 0            ; 1 (1)        ; 0 (0)             ; 0 (0)            ; 0 (0)           ; 0 (0)      ; |DUT|Brent_Kung_Adder:adder_instance|xorgate:\PStage0:2:LoopP0    ; xorgate          ; work         ;
;       |xorgate:\PStage0:3:LoopP0|    ; 1 (1)       ; 0            ; 0          ; 0    ; 0            ; 1 (1)        ; 0 (0)             ; 0 (0)            ; 0 (0)           ; 0 (0)      ; |DUT|Brent_Kung_Adder:adder_instance|xorgate:\PStage0:3:LoopP0    ; xorgate          ; work         ;
;       |xorgate:\SumStage:0:LoopSum|  ; 1 (1)       ; 0            ; 0          ; 0    ; 0            ; 1 (1)        ; 0 (0)             ; 0 (0)            ; 0 (0)           ; 0 (0)      ; |DUT|Brent_Kung_Adder:adder_instance|xorgate:\SumStage:0:LoopSum  ; xorgate          ; work         ;
;       |xorgate:\SumStage:10:LoopSum| ; 1 (1)       ; 0            ; 0          ; 0    ; 0            ; 1 (1)        ; 0 (0)             ; 0 (0)            ; 0 (0)           ; 0 (0)      ; |DUT|Brent_Kung_Adder:adder_instance|xorgate:\SumStage:10:LoopSum ; xorgate          ; work         ;
;       |xorgate:\SumStage:11:LoopSum| ; 1 (1)       ; 0            ; 0          ; 0    ; 0            ; 1 (1)        ; 0 (0)             ; 0 (0)            ; 0 (0)           ; 0 (0)      ; |DUT|Brent_Kung_Adder:adder_instance|xorgate:\SumStage:11:LoopSum ; xorgate          ; work         ;
;       |xorgate:\SumStage:12:LoopSum| ; 1 (1)       ; 0            ; 0          ; 0    ; 0            ; 1 (1)        ; 0 (0)             ; 0 (0)            ; 0 (0)           ; 0 (0)      ; |DUT|Brent_Kung_Adder:adder_instance|xorgate:\SumStage:12:LoopSum ; xorgate          ; work         ;
;       |xorgate:\SumStage:13:LoopSum| ; 1 (1)       ; 0            ; 0          ; 0    ; 0            ; 1 (1)        ; 0 (0)             ; 0 (0)            ; 0 (0)           ; 0 (0)      ; |DUT|Brent_Kung_Adder:adder_instance|xorgate:\SumStage:13:LoopSum ; xorgate          ; work         ;
;       |xorgate:\SumStage:14:LoopSum| ; 1 (1)       ; 0            ; 0          ; 0    ; 0            ; 1 (1)        ; 0 (0)             ; 0 (0)            ; 0 (0)           ; 0 (0)      ; |DUT|Brent_Kung_Adder:adder_instance|xorgate:\SumStage:14:LoopSum ; xorgate          ; work         ;
;       |xorgate:\SumStage:15:LoopSum| ; 1 (1)       ; 0            ; 0          ; 0    ; 0            ; 1 (1)        ; 0 (0)             ; 0 (0)            ; 0 (0)           ; 0 (0)      ; |DUT|Brent_Kung_Adder:adder_instance|xorgate:\SumStage:15:LoopSum ; xorgate          ; work         ;
;       |xorgate:\SumStage:1:LoopSum|  ; 1 (1)       ; 0            ; 0          ; 0    ; 0            ; 1 (1)        ; 0 (0)             ; 0 (0)            ; 0 (0)           ; 0 (0)      ; |DUT|Brent_Kung_Adder:adder_instance|xorgate:\SumStage:1:LoopSum  ; xorgate          ; work         ;
;       |xorgate:\SumStage:2:LoopSum|  ; 1 (1)       ; 0            ; 0          ; 0    ; 0            ; 1 (1)        ; 0 (0)             ; 0 (0)            ; 0 (0)           ; 0 (0)      ; |DUT|Brent_Kung_Adder:adder_instance|xorgate:\SumStage:2:LoopSum  ; xorgate          ; work         ;
;       |xorgate:\SumStage:3:LoopSum|  ; 1 (1)       ; 0            ; 0          ; 0    ; 0            ; 1 (1)        ; 0 (0)             ; 0 (0)            ; 0 (0)           ; 0 (0)      ; |DUT|Brent_Kung_Adder:adder_instance|xorgate:\SumStage:3:LoopSum  ; xorgate          ; work         ;
;       |xorgate:\SumStage:4:LoopSum|  ; 1 (1)       ; 0            ; 0          ; 0    ; 0            ; 1 (1)        ; 0 (0)             ; 0 (0)            ; 0 (0)           ; 0 (0)      ; |DUT|Brent_Kung_Adder:adder_instance|xorgate:\SumStage:4:LoopSum  ; xorgate          ; work         ;
;       |xorgate:\SumStage:5:LoopSum|  ; 1 (1)       ; 0            ; 0          ; 0    ; 0            ; 1 (1)        ; 0 (0)             ; 0 (0)            ; 0 (0)           ; 0 (0)      ; |DUT|Brent_Kung_Adder:adder_instance|xorgate:\SumStage:5:LoopSum  ; xorgate          ; work         ;
;       |xorgate:\SumStage:6:LoopSum|  ; 1 (1)       ; 0            ; 0          ; 0    ; 0            ; 1 (1)        ; 0 (0)             ; 0 (0)            ; 0 (0)           ; 0 (0)      ; |DUT|Brent_Kung_Adder:adder_instance|xorgate:\SumStage:6:LoopSum  ; xorgate          ; work         ;
;       |xorgate:\SumStage:7:LoopSum|  ; 1 (1)       ; 0            ; 0          ; 0    ; 0            ; 1 (1)        ; 0 (0)             ; 0 (0)            ; 0 (0)           ; 0 (0)      ; |DUT|Brent_Kung_Adder:adder_instance|xorgate:\SumStage:7:LoopSum  ; xorgate          ; work         ;
;       |xorgate:\SumStage:8:LoopSum|  ; 1 (1)       ; 0            ; 0          ; 0    ; 0            ; 1 (1)        ; 0 (0)             ; 0 (0)            ; 0 (0)           ; 0 (0)      ; |DUT|Brent_Kung_Adder:adder_instance|xorgate:\SumStage:8:LoopSum  ; xorgate          ; work         ;
;       |xorgate:\SumStage:9:LoopSum|  ; 1 (1)       ; 0            ; 0          ; 0    ; 0            ; 1 (1)        ; 0 (0)             ; 0 (0)            ; 0 (0)           ; 0 (0)      ; |DUT|Brent_Kung_Adder:adder_instance|xorgate:\SumStage:9:LoopSum  ; xorgate          ; work         ;
+--------------------------------------+-------------+--------------+------------+------+--------------+--------------+-------------------+------------------+-----------------+------------+-------------------------------------------------------------------+------------------+--------------+
Note: For table entries with two numbers listed, the numbers in parentheses indicate the number of resources of the given type used by the specific entity alone. The numbers listed outside of parentheses indicate the total resources of the given type used by the specific entity and all of its sub-entities in the hierarchy.


+------------------------------------------------------+
; General Register Statistics                          ;
+----------------------------------------------+-------+
; Statistic                                    ; Value ;
+----------------------------------------------+-------+
; Total registers                              ; 0     ;
; Number of registers using Synchronous Clear  ; 0     ;
; Number of registers using Synchronous Load   ; 0     ;
; Number of registers using Asynchronous Clear ; 0     ;
; Number of registers using Asynchronous Load  ; 0     ;
; Number of registers using Clock Enable       ; 0     ;
; Number of registers using Preset             ; 0     ;
+----------------------------------------------+-------+


+-------------------------------+
; Analysis & Synthesis Messages ;
+-------------------------------+
Info: *******************************************************************
Info: Running Quartus Prime Analysis & Synthesis
    Info: Version 20.1.0 Build 711 06/05/2020 SJ Lite Edition
    Info: Processing started: Fri Oct 21 12:56:49 2022
Info: Command: quartus_map --read_settings_files=on --write_settings_files=off Brent_Kung_Adder -c Brent_Kung_Adder
Warning (18236): Number of processors has not been specified which may cause overloading on shared machines.  Set the global assignment NUM_PARALLEL_PROCESSORS in your QSF to an appropriate value for best performance.
Info (20030): Parallel compilation is enabled and will use 4 of the 4 processors detected
Info (12021): Found 2 design units, including 1 entities, in source file brent_kung_adder.vhdl
    Info (12022): Found design unit 1: Brent_Kung_Adder-trivial File: E:/7. AUTUMN 2022/EE671/Assignments/Assignment 4/Brent_Kung_Adder.vhdl Line: 15
    Info (12023): Found entity 1: Brent_Kung_Adder File: E:/7. AUTUMN 2022/EE671/Assignments/Assignment 4/Brent_Kung_Adder.vhdl Line: 7
Info (12021): Found 2 design units, including 1 entities, in source file testbench.vhdl
    Info (12022): Found design unit 1: Testbench-Behave File: E:/7. AUTUMN 2022/EE671/Assignments/Assignment 4/testbench.vhdl Line: 9
    Info (12023): Found entity 1: Testbench File: E:/7. AUTUMN 2022/EE671/Assignments/Assignment 4/testbench.vhdl Line: 7
Info (12021): Found 9 design units, including 4 entities, in source file gates.vhdl
    Info (12022): Found design unit 1: Gates File: E:/7. AUTUMN 2022/EE671/Assignments/Assignment 4/Gates.vhdl Line: 3
    Info (12022): Found design unit 2: andgate-trivial File: E:/7. AUTUMN 2022/EE671/Assignments/Assignment 4/Gates.vhdl Line: 26
    Info (12022): Found design unit 3: xorgate-trivial File: E:/7. AUTUMN 2022/EE671/Assignments/Assignment 4/Gates.vhdl Line: 38
    Info (12022): Found design unit 4: abcgate-trivial File: E:/7. AUTUMN 2022/EE671/Assignments/Assignment 4/Gates.vhdl Line: 50
    Info (12022): Found design unit 5: Cin_map_G-trivial File: E:/7. AUTUMN 2022/EE671/Assignments/Assignment 4/Gates.vhdl Line: 63
    Info (12023): Found entity 1: andgate File: E:/7. AUTUMN 2022/EE671/Assignments/Assignment 4/Gates.vhdl Line: 21
    Info (12023): Found entity 2: xorgate File: E:/7. AUTUMN 2022/EE671/Assignments/Assignment 4/Gates.vhdl Line: 33
    Info (12023): Found entity 3: abcgate File: E:/7. AUTUMN 2022/EE671/Assignments/Assignment 4/Gates.vhdl Line: 45
    Info (12023): Found entity 4: Cin_map_G File: E:/7. AUTUMN 2022/EE671/Assignments/Assignment 4/Gates.vhdl Line: 58
Info (12021): Found 2 design units, including 1 entities, in source file dut.vhdl
    Info (12022): Found design unit 1: DUT-DutWrap File: E:/7. AUTUMN 2022/EE671/Assignments/Assignment 4/DUT.vhdl Line: 11
    Info (12023): Found entity 1: DUT File: E:/7. AUTUMN 2022/EE671/Assignments/Assignment 4/DUT.vhdl Line: 7
Info (12127): Elaborating entity "DUT" for the top level hierarchy
Info (12128): Elaborating entity "Brent_Kung_Adder" for hierarchy "Brent_Kung_Adder:adder_instance" File: E:/7. AUTUMN 2022/EE671/Assignments/Assignment 4/DUT.vhdl Line: 17
Info (12128): Elaborating entity "Cin_map_G" for hierarchy "Brent_Kung_Adder:adder_instance|Cin_map_G:G_0" File: E:/7. AUTUMN 2022/EE671/Assignments/Assignment 4/Brent_Kung_Adder.vhdl Line: 25
Info (12128): Elaborating entity "andgate" for hierarchy "Brent_Kung_Adder:adder_instance|andgate:\GStage0:15:LoopG0" File: E:/7. AUTUMN 2022/EE671/Assignments/Assignment 4/Brent_Kung_Adder.vhdl Line: 29
Info (12128): Elaborating entity "xorgate" for hierarchy "Brent_Kung_Adder:adder_instance|xorgate:\PStage0:15:LoopP0" File: E:/7. AUTUMN 2022/EE671/Assignments/Assignment 4/Brent_Kung_Adder.vhdl Line: 33
Info (12128): Elaborating entity "abcgate" for hierarchy "Brent_Kung_Adder:adder_instance|abcgate:\GStage1:7:LoopG1" File: E:/7. AUTUMN 2022/EE671/Assignments/Assignment 4/Brent_Kung_Adder.vhdl Line: 37
Info (21057): Implemented 103 device resources after synthesis - the final resource count might be different
    Info (21058): Implemented 33 input pins
    Info (21059): Implemented 17 output pins
    Info (21061): Implemented 53 logic cells
Info: Quartus Prime Analysis & Synthesis was successful. 0 errors, 1 warning
    Info: Peak virtual memory: 4761 megabytes
    Info: Processing ended: Fri Oct 21 12:57:00 2022
    Info: Elapsed time: 00:00:11
    Info: Total CPU time (on all processors): 00:00:17


